<?xml version="1.0" encoding="UTF-8"?>
<!-- Generated by org.testng.reporters.JUnitReportReporter -->
<testsuite hostname="DESKTOP-2KJ4APB" failures="0" tests="1" name="User_Panel.TestCase6" time="30.424" errors="0" timestamp="2022-10-19T00:21:09 IST" skipped="0">
  <testcase classname="User_Panel.TestCase6" name="SignUp" time="30.424"/>
</testsuite> <!-- User_Panel.TestCase6 -->
