<?xml version="1.0" encoding="UTF-8"?>
<!-- Generated by org.testng.reporters.JUnitReportReporter -->
<testsuite hostname="DESKTOP-2KJ4APB" failures="0" tests="1" name="User_Panel.TestCase4" time="28.257" errors="0" timestamp="2022-10-13T00:48:03 IST" skipped="0">
  <testcase classname="User_Panel.TestCase4" name="SignUp" time="28.257"/>
</testsuite> <!-- User_Panel.TestCase4 -->
