<?xml version="1.0" encoding="UTF-8"?>
<!-- Generated by org.testng.reporters.JUnitReportReporter -->
<testsuite hostname="DESKTOP-2KJ4APB" failures="0" tests="1" name="User_Panel.TestCase5" time="31.654" errors="0" timestamp="2022-10-13T19:16:28 IST" skipped="0">
  <testcase classname="User_Panel.TestCase5" name="SignUp" time="31.654"/>
</testsuite> <!-- User_Panel.TestCase5 -->
