<?xml version="1.0" encoding="UTF-8"?>
<!-- Generated by org.testng.reporters.JUnitReportReporter -->
<testsuite hostname="DESKTOP-2KJ4APB" failures="0" tests="1" name="User_Panel.TestCase2" time="7.951" errors="0" timestamp="2022-10-20T12:33:29 IST" skipped="0">
  <testcase classname="User_Panel.TestCase2" name="SignIn" time="7.951"/>
</testsuite> <!-- User_Panel.TestCase2 -->
