<?xml version="1.0" encoding="UTF-8"?>
<!-- Generated by org.testng.reporters.JUnitReportReporter -->
<testsuite hostname="DESKTOP-2KJ4APB" failures="0" tests="1" name="User_Panel.TestCase3" time="16.308" errors="0" timestamp="2022-10-20T12:34:49 IST" skipped="0">
  <testcase classname="User_Panel.TestCase3" name="SignUp" time="16.308"/>
</testsuite> <!-- User_Panel.TestCase3 -->
