<?xml version="1.0" encoding="UTF-8"?>
<!-- Generated by org.testng.reporters.JUnitReportReporter -->
<testsuite hostname="DESKTOP-2KJ4APB" failures="0" tests="1"
	name="Package1.SignIn" time="16.973" errors="0"
	timestamp="2022-10-12T10:01:12 IST" skipped="0">
	<testcase classname="Package1.SignIn" name="SignUp"
		time="16.973" />
</testsuite> <!-- Package1.SignIn -->
